<?xml version="1.0" encoding="UTF-8"?>
<testng-results ignored="0" total="1" passed="1" failed="0" skipped="0">
  <reporter-output>
  </reporter-output>
  <suite started-at="2021-08-23T01:11:33 AEST" name="Default suite" finished-at="2021-08-23T01:11:36 AEST" duration-ms="3065">
    <groups>
    </groups>
    <test started-at="2021-08-23T01:11:33 AEST" name="Default test" finished-at="2021-08-23T01:11:36 AEST" duration-ms="3065">
      <class name="tests.OpenWeather">
        <test-method signature="checkWeatherSuitable()[pri:0, instance:tests.OpenWeather@659a969b]" started-at="2021-08-23T01:11:33 AEST" name="checkWeatherSuitable" finished-at="2021-08-23T01:11:36 AEST" duration-ms="3044" status="PASS">
          <reporter-output>
          </reporter-output>
        </test-method> <!-- checkWeatherSuitable -->
      </class> <!-- tests.OpenWeather -->
    </test> <!-- Default test -->
  </suite> <!-- Default suite -->
</testng-results>
